-------------------------------------------------------------------------------
Test set: TestSuite
-------------------------------------------------------------------------------
Tests run: 4, Failures: 1, Errors: 0, Skipped: 3, Time elapsed: 1.837 sec <<< FAILURE! - in TestSuite
setUp(com.zjj.fe.First.NewTest)  Time elapsed: 1.75 sec  <<< FAILURE!
org.openqa.selenium.WebDriverException: 
org.apache.http.conn.HttpHostConnectException: Connect to 127.0.0.1:4723 [/127.0.0.1] failed: Connection refused: connect
Build info: version: '3.0.1', revision: '1969d75', time: '2016-10-18 09:49:13 -0700'
System info: host: 'JE-PC', ip: '192.168.56.1', os.name: 'Windows 7', os.arch: 'x86', os.version: '6.1', java.version: '1.8.0_66'
Driver info: driver.version: AndroidDriver
	at com.zjj.fe.First.NewTest.setUp(NewTest.java:55)
Caused by: org.apache.http.conn.HttpHostConnectException: Connect to 127.0.0.1:4723 [/127.0.0.1] failed: Connection refused: connect
	at com.zjj.fe.First.NewTest.setUp(NewTest.java:55)
Caused by: java.net.ConnectException: Connection refused: connect
	at com.zjj.fe.First.NewTest.setUp(NewTest.java:55)

