<?xml version="1.0" encoding="UTF-8"?>
<testng-results skipped="0" failed="0" ignored="0" total="2" passed="2">
  <reporter-output>
  </reporter-output>
  <suite name="Default suite" duration-ms="91296" started-at="2017-10-17T09:08:13Z" finished-at="2017-10-17T09:09:44Z">
    <groups>
    </groups>
    <test name="Default test" duration-ms="91296" started-at="2017-10-17T09:08:13Z" finished-at="2017-10-17T09:09:44Z">
      <class name="com.zjj.fe.First.NewTest">
        <test-method status="PASS" signature="setUp()[pri:0, instance:com.zjj.fe.First.NewTest@520a3426]" name="setUp" is-config="true" duration-ms="15525" started-at="2017-10-17T17:08:13Z" finished-at="2017-10-17T17:08:28Z">
          <reporter-output>
          </reporter-output>
        </test-method> <!-- setUp -->
        <test-method status="PASS" signature="addContact()[pri:0, instance:com.zjj.fe.First.NewTest@520a3426]" name="addContact" duration-ms="72301" started-at="2017-10-17T17:08:28Z" finished-at="2017-10-17T17:09:40Z">
          <reporter-output>
          </reporter-output>
        </test-method> <!-- addContact -->
        <test-method status="PASS" signature="addContact1()[pri:0, instance:com.zjj.fe.First.NewTest@520a3426]" name="addContact1" duration-ms="0" started-at="2017-10-17T17:09:40Z" finished-at="2017-10-17T17:09:40Z">
          <reporter-output>
          </reporter-output>
        </test-method> <!-- addContact1 -->
        <test-method status="PASS" signature="tearDown()[pri:0, instance:com.zjj.fe.First.NewTest@520a3426]" name="tearDown" is-config="true" duration-ms="3451" started-at="2017-10-17T17:09:40Z" finished-at="2017-10-17T17:09:44Z">
          <reporter-output>
          </reporter-output>
        </test-method> <!-- tearDown -->
      </class> <!-- com.zjj.fe.First.NewTest -->
    </test> <!-- Default test -->
  </suite> <!-- Default suite -->
</testng-results>
